2016/10/19 12:55:35 [error] [php] date(): It is not safe to rely on the system's timezone settings. You are *required* to use the date.timezone setting or the date_default_timezone_set() function. In case you used any of those methods and you are still getting this warning, you most likely misspelled the timezone identifier. We selected the timezone 'UTC' for now, but please set date.timezone to select your timezone. (D:\document\0507\shop\protected\views\layouts\main.php:51)
Stack trace:
#0 D:\document\0507\framework\web\CBaseController.php(95): SiteController->renderInternal()
#1 D:\document\0507\framework\web\widgets\CContentDecorator.php(76): SiteController->renderFile()
#2 D:\document\0507\framework\web\widgets\CContentDecorator.php(54): CContentDecorator->decorate()
#3 D:\document\0507\framework\web\widgets\COutputProcessor.php(44): CContentDecorator->processOutput()
#4 D:\document\0507\framework\web\CBaseController.php(206): CContentDecorator->run()
#5 D:\document\0507\framework\web\CBaseController.php(300): SiteController->endWidget()
#6 D:\document\0507\shop\protected\views\layouts\column1.php(6): SiteController->endContent()
#7 D:\document\0507\framework\web\CBaseController.php(126): require()
#8 D:\document\0507\framework\web\CBaseController.php(95): SiteController->renderInternal()
#9 D:\document\0507\framework\web\CController.php(784): SiteController->renderFile()
#10 D:\document\0507\shop\protected\controllers\SiteController.php(32): SiteController->render()
#11 D:\document\0507\framework\web\actions\CInlineAction.php(49): SiteController->actionIndex()
#12 D:\document\0507\framework\web\CController.php(308): CInlineAction->runWithParams()
#13 D:\document\0507\framework\web\CController.php(286): SiteController->runAction()
#14 D:\document\0507\framework\web\CController.php(265): SiteController->runActionWithFilters()
#15 D:\document\0507\framework\web\CWebApplication.php(282): SiteController->run()
#16 D:\document\0507\framework\web\CWebApplication.php(141): CWebApplication->runController()
#17 D:\document\0507\framework\base\CApplication.php(169): CWebApplication->processRequest()
#18 D:\document\0507\shop\index.php(13): CWebApplication->run()
REQUEST_URI=/shop/
in D:\document\0507\shop\protected\views\layouts\main.php (51)
in D:\document\0507\shop\protected\views\layouts\column1.php (6)
in D:\document\0507\shop\protected\controllers\SiteController.php (32)
2016/10/19 12:56:46 [error] [php] date(): It is not safe to rely on the system's timezone settings. You are *required* to use the date.timezone setting or the date_default_timezone_set() function. In case you used any of those methods and you are still getting this warning, you most likely misspelled the timezone identifier. We selected the timezone 'UTC' for now, but please set date.timezone to select your timezone. (D:\document\0507\shop\protected\views\layouts\main.php:51)
Stack trace:
#0 D:\document\0507\framework\web\CBaseController.php(95): SiteController->renderInternal()
#1 D:\document\0507\framework\web\widgets\CContentDecorator.php(76): SiteController->renderFile()
#2 D:\document\0507\framework\web\widgets\CContentDecorator.php(54): CContentDecorator->decorate()
#3 D:\document\0507\framework\web\widgets\COutputProcessor.php(44): CContentDecorator->processOutput()
#4 D:\document\0507\framework\web\CBaseController.php(206): CContentDecorator->run()
#5 D:\document\0507\framework\web\CBaseController.php(300): SiteController->endWidget()
#6 D:\document\0507\shop\protected\views\layouts\column1.php(6): SiteController->endContent()
#7 D:\document\0507\framework\web\CBaseController.php(126): require()
#8 D:\document\0507\framework\web\CBaseController.php(95): SiteController->renderInternal()
#9 D:\document\0507\framework\web\CController.php(784): SiteController->renderFile()
#10 D:\document\0507\shop\protected\controllers\SiteController.php(32): SiteController->render()
#11 D:\document\0507\framework\web\actions\CInlineAction.php(49): SiteController->actionIndex()
#12 D:\document\0507\framework\web\CController.php(308): CInlineAction->runWithParams()
#13 D:\document\0507\framework\web\CController.php(286): SiteController->runAction()
#14 D:\document\0507\framework\web\CController.php(265): SiteController->runActionWithFilters()
#15 D:\document\0507\framework\web\CWebApplication.php(282): SiteController->run()
#16 D:\document\0507\framework\web\CWebApplication.php(141): CWebApplication->runController()
#17 D:\document\0507\framework\base\CApplication.php(169): CWebApplication->processRequest()
#18 D:\document\0507\shop\index.php(13): CWebApplication->run()
REQUEST_URI=/shop/
in D:\document\0507\shop\protected\views\layouts\main.php (51)
in D:\document\0507\shop\protected\views\layouts\column1.php (6)
in D:\document\0507\shop\protected\controllers\SiteController.php (32)
2016/10/19 12:57:04 [error] [php] date(): Invalid date.timezone value 'RPC', we selected the timezone 'UTC' for now. (D:\document\0507\shop\protected\views\layouts\main.php:51)
Stack trace:
#0 D:\document\0507\framework\web\CBaseController.php(95): SiteController->renderInternal()
#1 D:\document\0507\framework\web\widgets\CContentDecorator.php(76): SiteController->renderFile()
#2 D:\document\0507\framework\web\widgets\CContentDecorator.php(54): CContentDecorator->decorate()
#3 D:\document\0507\framework\web\widgets\COutputProcessor.php(44): CContentDecorator->processOutput()
#4 D:\document\0507\framework\web\CBaseController.php(206): CContentDecorator->run()
#5 D:\document\0507\framework\web\CBaseController.php(300): SiteController->endWidget()
#6 D:\document\0507\shop\protected\views\layouts\column1.php(6): SiteController->endContent()
#7 D:\document\0507\framework\web\CBaseController.php(126): require()
#8 D:\document\0507\framework\web\CBaseController.php(95): SiteController->renderInternal()
#9 D:\document\0507\framework\web\CController.php(784): SiteController->renderFile()
#10 D:\document\0507\shop\protected\controllers\SiteController.php(32): SiteController->render()
#11 D:\document\0507\framework\web\actions\CInlineAction.php(49): SiteController->actionIndex()
#12 D:\document\0507\framework\web\CController.php(308): CInlineAction->runWithParams()
#13 D:\document\0507\framework\web\CController.php(286): SiteController->runAction()
#14 D:\document\0507\framework\web\CController.php(265): SiteController->runActionWithFilters()
#15 D:\document\0507\framework\web\CWebApplication.php(282): SiteController->run()
#16 D:\document\0507\framework\web\CWebApplication.php(141): CWebApplication->runController()
#17 D:\document\0507\framework\base\CApplication.php(169): CWebApplication->processRequest()
#18 D:\document\0507\shop\index.php(13): CWebApplication->run()
REQUEST_URI=/shop/
in D:\document\0507\shop\protected\views\layouts\main.php (51)
in D:\document\0507\shop\protected\views\layouts\column1.php (6)
in D:\document\0507\shop\protected\controllers\SiteController.php (32)
2016/10/19 14:05:07 [error] [php] Use of undefined constant CSS_URL - assumed 'CSS_URL' (D:\document\0507\shop\protected\views\user\login.php:11)
Stack trace:
#0 D:\document\0507\framework\web\CController.php(869): UserController->renderFile()
#1 D:\document\0507\shop\protected\controllers\UserController.php(15): UserController->renderPartial()
#2 D:\document\0507\framework\web\actions\CInlineAction.php(49): UserController->actionLogin()
#3 D:\document\0507\framework\web\CController.php(308): CInlineAction->runWithParams()
#4 D:\document\0507\framework\web\CController.php(286): UserController->runAction()
#5 D:\document\0507\framework\web\CController.php(265): UserController->runActionWithFilters()
#6 D:\document\0507\framework\web\CWebApplication.php(282): UserController->run()
#7 D:\document\0507\framework\web\CWebApplication.php(141): CWebApplication->runController()
#8 D:\document\0507\framework\base\CApplication.php(169): CWebApplication->processRequest()
#9 D:\document\0507\shop\index.php(13): CWebApplication->run()
REQUEST_URI=/shop/index.php?r=user/login
in D:\document\0507\shop\protected\views\user\login.php (11)
in D:\document\0507\shop\protected\controllers\UserController.php (15)
in D:\document\0507\shop\index.php (13)
2016/10/19 14:06:02 [error] [php] Use of undefined constant CSS_URL - assumed 'CSS_URL' (D:\document\0507\shop\protected\views\user\login.php:11)
Stack trace:
#0 D:\document\0507\framework\web\CController.php(869): UserController->renderFile()
#1 D:\document\0507\shop\protected\controllers\UserController.php(15): UserController->renderPartial()
#2 D:\document\0507\framework\web\actions\CInlineAction.php(49): UserController->actionLogin()
#3 D:\document\0507\framework\web\CController.php(308): CInlineAction->runWithParams()
#4 D:\document\0507\framework\web\CController.php(286): UserController->runAction()
#5 D:\document\0507\framework\web\CController.php(265): UserController->runActionWithFilters()
#6 D:\document\0507\framework\web\CWebApplication.php(282): UserController->run()
#7 D:\document\0507\framework\web\CWebApplication.php(141): CWebApplication->runController()
#8 D:\document\0507\framework\base\CApplication.php(169): CWebApplication->processRequest()
#9 D:\document\0507\shop\index.php(13): CWebApplication->run()
REQUEST_URI=/shop/index.php?r=user/login
in D:\document\0507\shop\protected\views\user\login.php (11)
in D:\document\0507\shop\protected\controllers\UserController.php (15)
in D:\document\0507\shop\index.php (13)
2016/10/19 14:06:05 [error] [php] Use of undefined constant CSS_URL - assumed 'CSS_URL' (D:\document\0507\shop\protected\views\user\login.php:11)
Stack trace:
#0 D:\document\0507\framework\web\CController.php(869): UserController->renderFile()
#1 D:\document\0507\shop\protected\controllers\UserController.php(15): UserController->renderPartial()
#2 D:\document\0507\framework\web\actions\CInlineAction.php(49): UserController->actionLogin()
#3 D:\document\0507\framework\web\CController.php(308): CInlineAction->runWithParams()
#4 D:\document\0507\framework\web\CController.php(286): UserController->runAction()
#5 D:\document\0507\framework\web\CController.php(265): UserController->runActionWithFilters()
#6 D:\document\0507\framework\web\CWebApplication.php(282): UserController->run()
#7 D:\document\0507\framework\web\CWebApplication.php(141): CWebApplication->runController()
#8 D:\document\0507\framework\base\CApplication.php(169): CWebApplication->processRequest()
#9 D:\document\0507\shop\index.php(13): CWebApplication->run()
REQUEST_URI=/shop/index.php?r=user/login
in D:\document\0507\shop\protected\views\user\login.php (11)
in D:\document\0507\shop\protected\controllers\UserController.php (15)
in D:\document\0507\shop\index.php (13)
